
reading from file: ../library/back_small_rotamer

from back_small_rotamer: the number copies for residue: A 4
from back_small_rotamer: the number copies for residue: C 7
from back_small_rotamer: the number copies for residue: D 7
from back_small_rotamer: the number copies for residue: E 6
from back_small_rotamer: the number copies for residue: F 5
from back_small_rotamer: the number copies for residue: G 11
from back_small_rotamer: the number copies for residue: H 8
from back_small_rotamer: the number copies for residue: I 4
from back_small_rotamer: the number copies for residue: K 5
from back_small_rotamer: the number copies for residue: L 5
from back_small_rotamer: the number copies for residue: M 5
from back_small_rotamer: the number copies for residue: N 8
from back_small_rotamer: the number copies for residue: P 1
from back_small_rotamer: the number copies for residue: Q 6
from back_small_rotamer: the number copies for residue: R 6
from back_small_rotamer: the number copies for residue: S 7
from back_small_rotamer: the number copies for residue: T 5
from back_small_rotamer: the number copies for residue: V 5
from back_small_rotamer: the number copies for residue: W 4
from back_small_rotamer: the number copies for residue: Y 6

reading from file: ../library/side_large_rotamer

from side_large_rotamer: the number copies for residue: A 1
from side_large_rotamer: the number copies for residue: C 9
from side_large_rotamer: the number copies for residue: D 112
from side_large_rotamer: the number copies for residue: E 821
from side_large_rotamer: the number copies for residue: F 55
from side_large_rotamer: the number copies for residue: G 1
from side_large_rotamer: the number copies for residue: H 125
from side_large_rotamer: the number copies for residue: I 71
from side_large_rotamer: the number copies for residue: K 1948
from side_large_rotamer: the number copies for residue: L 69
from side_large_rotamer: the number copies for residue: M 391
from side_large_rotamer: the number copies for residue: N 175
from side_large_rotamer: the number copies for residue: P 9
from side_large_rotamer: the number copies for residue: Q 785
from side_large_rotamer: the number copies for residue: R 1730
from side_large_rotamer: the number copies for residue: S 11
from side_large_rotamer: the number copies for residue: T 9
from side_large_rotamer: the number copies for residue: V 7
from side_large_rotamer: the number copies for residue: W 93
from side_large_rotamer: the number copies for residue: Y 65

reading pdb file:ex3.pdb

****residue :0A  will be mutated to:P
****residue :1V  will be mutated to:K
****residue :146G  will be mutated to:L
****residue :139F  will be predicted***
Warning! residue: A,1
 does not exist!
****residue :18I  will be predicted***
calculate solvent accessible surface....
building multiple rotamers for each side-chain...
building random initial conformation...
write down scap prediction for diffeent initial conformations:ex3_scap.0.pdb
write down scap prediction for diffeent initial conformations:ex3_scap.1.pdb
minimized energy:-26.683
write down the final scap prediction: ex3_scap.pdb
